Finding 15027
AVL Time: 5e-06
Map Time: 4e-06

Finding 6451
AVL Time: 4e-06
Map Time: 3e-06

Finding 17715
AVL Time: 5e-06
Map Time: 2e-06

Finding 12797
AVL Time: 4e-06
Map Time: 2e-06

Finding 4883
AVL Time: 3e-06
Map Time: 3e-06

Finding 18959
AVL Time: 4e-06
Map Time: 3e-06

Finding 5526
AVL Time: 4e-06
Map Time: 3e-06

Finding 32598
AVL Time: 4e-06
Map Time: 4e-06

Finding 31712
AVL Time: 4e-06
Map Time: 3e-06

Finding 14536
AVL Time: 3e-06
Map Time: 3e-06

Finding 21402
AVL Time: 4e-06
Map Time: 2e-06

Finding 6704
AVL Time: 4e-06
Map Time: 2e-06

Finding 30884
AVL Time: 4e-06
Map Time: 3e-06

Finding 23900
AVL Time: 4e-06
Map Time: 2e-06

Finding 26975
AVL Time: 4e-06
Map Time: 2e-06

Finding 4309
AVL Time: 4e-06
Map Time: 2e-06

Finding 13198
AVL Time: 4e-06
Map Time: 2e-06

Finding 5160
AVL Time: 3e-06
Map Time: 3e-06

Finding 26363
AVL Time: 3e-06
Map Time: 2e-06

Finding 13731
AVL Time: 3e-06
Map Time: 3e-06

Finding 15208
AVL Time: 5e-06
Map Time: 2e-06

Finding 12789
AVL Time: 4e-06
Map Time: 2e-06

Finding 26751
AVL Time: 4e-06
Map Time: 4e-06

Finding 18712
AVL Time: 4e-06
Map Time: 3e-06

Finding 16460
AVL Time: 3e-06
Map Time: 2e-06

Finding 17598
AVL Time: 3e-06
Map Time: 2e-06

Finding 14137
AVL Time: 4e-06
Map Time: 3e-06

Finding 25688
AVL Time: 5e-06
Map Time: 3e-06

Finding 22387
AVL Time: 4e-06
Map Time: 3e-06

Finding 24990
AVL Time: 4e-06
Map Time: 2e-06

Finding 20824
AVL Time: 4e-06
Map Time: 2e-06

Finding 28327
AVL Time: 4e-06
Map Time: 2e-06

Finding 25205
AVL Time: 3e-06
Map Time: 2e-06

Finding 20282
AVL Time: 3e-06
Map Time: 2e-06

Finding 26458
AVL Time: 4e-06
Map Time: 3e-06

Finding 15893
AVL Time: 3e-06
Map Time: 3e-06

Finding 29056
AVL Time: 5e-06
Map Time: 3e-06

Finding 16696
AVL Time: 4e-06
Map Time: 2e-06

Finding 7029
AVL Time: 3e-06
Map Time: 2e-06

Finding 2680
AVL Time: 3e-06
Map Time: 2e-06

Finding 5457
AVL Time: 2e-06
Map Time: 2e-06

Finding 12017
AVL Time: 3e-06
Map Time: 2e-06

Finding 17694
AVL Time: 4e-06
Map Time: 2e-06

Finding 9600
AVL Time: 3e-06
Map Time: 2e-06

Finding 7792
AVL Time: 3e-06
Map Time: 2e-06

Finding 6991
AVL Time: 2e-06
Map Time: 2e-06

Finding 26815
AVL Time: 3e-06
Map Time: 3e-06

Finding 20696
AVL Time: 3e-06
Map Time: 3e-06

Finding 15385
AVL Time: 3e-06
Map Time: 2e-06

Finding 8749
AVL Time: 4e-06
Map Time: 3e-06

Finding 26174
AVL Time: 3e-06
Map Time: 3e-06

Finding 7258
AVL Time: 3e-06
Map Time: 2e-06

Finding 23002
AVL Time: 3e-06
Map Time: 2e-06

Finding 24224
AVL Time: 3e-06
Map Time: 2e-06

Finding 31109
AVL Time: 4e-06
Map Time: 3e-06

Finding 23997
AVL Time: 3e-06
Map Time: 3e-06

Finding 24454
AVL Time: 3e-06
Map Time: 2e-06

Finding 12880
AVL Time: 4e-06
Map Time: 3e-06

Finding 1544
AVL Time: 3e-06
Map Time: 2e-06

Finding 14019
AVL Time: 3e-06
Map Time: 2e-06

Finding 4767
AVL Time: 2e-06
Map Time: 2e-06

Finding 1672
AVL Time: 2e-06
Map Time: 2e-06

Finding 12968
AVL Time: 3e-06
Map Time: 2e-06

Finding 609
AVL Time: 3e-06
Map Time: 3e-06

Finding 6456
AVL Time: 3e-06
Map Time: 2e-06

Finding 28361
AVL Time: 4e-06
Map Time: 3e-06

Finding 19892
AVL Time: 4e-06
Map Time: 3e-06

Finding 20646
AVL Time: 3e-06
Map Time: 2e-06

Finding 21617
AVL Time: 3e-06
Map Time: 2e-06

Finding 33311
AVL Time: 3e-06
Map Time: 1.1e-05

Finding 25942
AVL Time: 4e-06
Map Time: 3e-06

Finding 5604
AVL Time: 3e-06
Map Time: 2e-06

Finding 30457
AVL Time: 4e-06
Map Time: 3e-06

Finding 1618
AVL Time: 3e-06
Map Time: 2e-06

Finding 5830
AVL Time: 3e-06
Map Time: 2e-06

Finding 25103
AVL Time: 4e-06
Map Time: 2e-06

Finding 15879
AVL Time: 3e-06
Map Time: 2e-06

Finding 2981
AVL Time: 2e-06
Map Time: 2e-06

Finding 6817
AVL Time: 3e-06
Map Time: 2e-06

Finding 32514
AVL Time: 4e-06
Map Time: 3e-06

Finding 363
AVL Time: 3e-06
Map Time: 2e-06

Finding 12448
AVL Time: 4e-06
Map Time: 2e-06

Finding 6329
AVL Time: 3e-06
Map Time: 2e-06

Finding 24239
AVL Time: 3e-06
Map Time: 2e-06

Finding 2986
AVL Time: 2e-06
Map Time: 2e-06

Finding 33076
AVL Time: 4e-06
Map Time: 3e-06

Finding 6379
AVL Time: 3e-06
Map Time: 2e-06

Finding 29848
AVL Time: 4e-06
Map Time: 3e-06

Finding 6717
AVL Time: 3e-06
Map Time: 2e-06

Finding 9023
AVL Time: 3e-06
Map Time: 2e-06

Finding 6975
AVL Time: 2e-06
Map Time: 2e-06

Finding 10884
AVL Time: 4e-06
Map Time: 2e-06

Finding 23577
AVL Time: 3e-06
Map Time: 2e-06

Finding 19505
AVL Time: 4e-06
Map Time: 2e-06

Finding 8022
AVL Time: 3e-06
Map Time: 2e-06

Finding 3869
AVL Time: 3e-06
Map Time: 2e-06

Finding 6634
AVL Time: 3e-06
Map Time: 2e-06

Finding 18559
AVL Time: 3e-06
Map Time: 3e-06

Finding 25867
AVL Time: 3e-06
Map Time: 2e-06

Finding 33674
AVL Time: 4e-06
Map Time: 3e-06

Finding 29482
AVL Time: 3e-06
Map Time: 2e-06

Finding 23042
AVL Time: 4e-06
Map Time: 2e-06

Finding 26739
AVL Time: 3e-06
Map Time: 2e-06

Finding 18736
AVL Time: 3e-06
Map Time: 3e-06

Finding 6945
AVL Time: 3e-06
Map Time: 2e-06

Finding 15208
AVL Time: 3e-06
Map Time: 2e-06

Finding 1827
AVL Time: 2e-06
Map Time: 2e-06

Finding 2009
AVL Time: 1e-06
Map Time: 2e-06

Finding 599
AVL Time: 1e-06
Map Time: 2e-06

Finding 30999
AVL Time: 3e-06
Map Time: 3e-06

Finding 32700
AVL Time: 3e-06
Map Time: 3e-06

Finding 10000
AVL Time: 3e-06
Map Time: 2e-06

Finding 21593
AVL Time: 3e-06
Map Time: 2e-06

Finding 1808
AVL Time: 3e-06
Map Time: 2e-06

Finding 16838
AVL Time: 4e-06
Map Time: 2e-06

Finding 15784
AVL Time: 3e-06
Map Time: 2e-06

Finding 18045
AVL Time: 3e-06
Map Time: 2e-06

Finding 12903
AVL Time: 3e-06
Map Time: 2e-06

Finding 16306
AVL Time: 2e-06
Map Time: 2e-06

Finding 10873
AVL Time: 3e-06
Map Time: 3e-06

Finding 12108
AVL Time: 3e-06
Map Time: 2e-06

Finding 6556
AVL Time: 2e-06
Map Time: 2e-06

Finding 15451
AVL Time: 3e-06
Map Time: 2e-06

Finding 13619
AVL Time: 3e-06
Map Time: 2e-06

Finding 19816
AVL Time: 3e-06
Map Time: 2e-06

Finding 20077
AVL Time: 3e-06
Map Time: 2e-06

Finding 8336
AVL Time: 4e-06
Map Time: 2e-06

Finding 19400
AVL Time: 3e-06
Map Time: 2e-06

Finding 7012
AVL Time: 3e-06
Map Time: 2e-06

Finding 19730
AVL Time: 3e-06
Map Time: 2e-06

Finding 16062
AVL Time: 2e-06
Map Time: 1e-06

Finding 24920
AVL Time: 3e-06
Map Time: 2e-06

Finding 11958
AVL Time: 3e-06
Map Time: 2e-06

Finding 5734
AVL Time: 3e-06
Map Time: 2e-06

Finding 4375
AVL Time: 2e-06
Map Time: 2e-06

Finding 1022
AVL Time: 2e-06
Map Time: 2e-06

Finding 22714
AVL Time: 3e-06
Map Time: 2e-06

Finding 18924
AVL Time: 3e-06
Map Time: 2e-06

Finding 10018
AVL Time: 3e-06
Map Time: 2e-06

Finding 18015
AVL Time: 2e-06
Map Time: 2e-06

Finding 2887
AVL Time: 2e-06
Map Time: 2e-06

Finding 32773
AVL Time: 4e-06
Map Time: 3e-06

Finding 19116
AVL Time: 3e-06
Map Time: 2e-06

Finding 16534
AVL Time: 3e-06
Map Time: 1e-06

Finding 14594
AVL Time: 3e-06
Map Time: 2e-06

Finding 21801
AVL Time: 3e-06
Map Time: 2e-06

Finding 1449
AVL Time: 2e-06
Map Time: 2e-06

Finding 32038
AVL Time: 3e-06
Map Time: 2e-06

Finding 11378
AVL Time: 3e-06
Map Time: 2e-06

Finding 30396
AVL Time: 3e-06
Map Time: 2e-06

Finding 6843
AVL Time: 3e-06
Map Time: 2e-06

Finding 32435
AVL Time: 2e-06
Map Time: 2e-06

Finding 13212
AVL Time: 3e-06
Map Time: 2e-06

Finding 9793
AVL Time: 3e-06
Map Time: 2e-06

Finding 17735
AVL Time: 2e-06
Map Time: 2e-06

Finding 13413
AVL Time: 2e-06
Map Time: 2e-06

Finding 5173
AVL Time: 2e-06
Map Time: 2e-06

Finding 29381
AVL Time: 3e-06
Map Time: 2e-06

Finding 14123
AVL Time: 3e-06
Map Time: 2e-06

Finding 25015
AVL Time: 3e-06
Map Time: 2e-06

Finding 6772
AVL Time: 2e-06
Map Time: 2e-06

Finding 12413
AVL Time: 2e-06
Map Time: 2e-06

Finding 16188
AVL Time: 2e-06
Map Time: 2e-06

Finding 27483
AVL Time: 3e-06
Map Time: 2e-06

Finding 14914
AVL Time: 2e-06
Map Time: 2e-06

Finding 16442
AVL Time: 3e-06
Map Time: 2e-06

Finding 11324
AVL Time: 2e-06
Map Time: 2e-06

Finding 9507
AVL Time: 2e-06
Map Time: 2e-06

Finding 4696
AVL Time: 3e-06
Map Time: 2e-06

Finding 840
AVL Time: 1e-06
Map Time: 1e-06

Finding 26047
AVL Time: 2e-06
Map Time: 2e-06

Finding 27674
AVL Time: 3e-06
Map Time: 2e-06

Finding 9940
AVL Time: 3e-06
Map Time: 1e-06

Finding 3108
AVL Time: 2e-06
Map Time: 2e-06

Finding 27888
AVL Time: 3e-06
Map Time: 2e-06

Finding 21020
AVL Time: 3e-06
Map Time: 2e-06

Finding 28699
AVL Time: 3e-06
Map Time: 2e-06

Finding 5942
AVL Time: 2e-06
Map Time: 1e-06

Finding 25076
AVL Time: 3e-06
Map Time: 2e-06

Finding 7109
AVL Time: 2e-06
Map Time: 1e-06

Finding 25475
AVL Time: 3e-06
Map Time: 2e-06

Finding 10752
AVL Time: 3e-06
Map Time: 2e-06

Finding 17082
AVL Time: 3e-06
Map Time: 2e-06

Finding 26375
AVL Time: 2e-06
Map Time: 2e-06

Finding 28726
AVL Time: 3e-06
Map Time: 2e-06

Finding 11234
AVL Time: 3e-06
Map Time: 2e-06

Finding 19159
AVL Time: 3e-06
Map Time: 1e-06

Finding 6759
AVL Time: 2e-06
Map Time: 2e-06

Finding 3452
AVL Time: 2e-06
Map Time: 2e-06

Finding 10544
AVL Time: 3e-06
Map Time: 2e-06

Finding 2630
AVL Time: 3e-06
Map Time: 2e-06

Finding 20529
AVL Time: 2e-06
Map Time: 2e-06

Finding 22221
AVL Time: 2e-06
Map Time: 1e-06

Finding 14534
AVL Time: 3e-06
Map Time: 2e-06

Finding 27577
AVL Time: 2e-06
Map Time: 2e-06

Finding 15974
AVL Time: 3e-06
Map Time: 1e-06

Finding 32937
AVL Time: 3e-06
Map Time: 3e-06

Finding 24195
AVL Time: 3e-06
Map Time: 2e-06

Finding 18324
AVL Time: 2e-06
Map Time: 2e-06

Finding 21082
AVL Time: 3e-06
Map Time: 2e-06

Finding 31023
AVL Time: 2e-06
Map Time: 2e-06

Finding 2624
AVL Time: 3e-06
Map Time: 2e-06

Finding 31143
AVL Time: 2e-06
Map Time: 2e-06

Finding 27152
AVL Time: 3e-06
Map Time: 2e-06

Finding 23158
AVL Time: 3e-06
Map Time: 2e-06

Finding 26477
AVL Time: 2e-06
Map Time: 2e-06

Finding 33234
AVL Time: 2.2e-05
Map Time: 3e-06

Finding 32422
AVL Time: 3e-06
Map Time: 2e-06

Finding 29121
AVL Time: 3e-06
Map Time: 2e-06

Finding 20822
AVL Time: 2e-06
Map Time: 1e-06

Finding 5163
AVL Time: 3e-06
Map Time: 2e-06

Finding 26698
AVL Time: 2e-06
Map Time: 1e-06

Finding 23725
AVL Time: 2e-06
Map Time: 2e-06

Finding 29860
AVL Time: 2e-06
Map Time: 2e-06

Finding 4794
AVL Time: 3e-06
Map Time: 2e-06

Finding 4581
AVL Time: 2e-06
Map Time: 2e-06

Finding 24810
AVL Time: 3e-06
Map Time: 2e-06

Finding 5829
AVL Time: 2e-06
Map Time: 2e-06

Finding 32785
AVL Time: 3e-06
Map Time: 2e-06

Finding 24184
AVL Time: 2e-06
Map Time: 2e-06

Finding 14315
AVL Time: 2e-06
Map Time: 2e-06

Finding 21281
AVL Time: 2e-06
Map Time: 1e-06

Finding 19742
AVL Time: 3e-06
Map Time: 2e-06

Finding 26611
AVL Time: 2e-06
Map Time: 2e-06

Finding 31823
AVL Time: 3e-06
Map Time: 2e-06

Finding 31086
AVL Time: 2e-06
Map Time: 2e-06

Finding 9994
AVL Time: 3e-06
Map Time: 2e-06

Finding 17258
AVL Time: 3e-06
Map Time: 2e-06

Finding 21681
AVL Time: 3e-06
Map Time: 1e-06

Finding 7650
AVL Time: 3e-06
Map Time: 2e-06

Finding 9908
AVL Time: 3e-06
Map Time: 2e-06

Finding 16131
AVL Time: 2e-06
Map Time: 1e-06

Finding 25409
AVL Time: 3e-06
Map Time: 2e-06

Finding 27449
AVL Time: 2e-06
Map Time: 2e-06

Finding 17853
AVL Time: 2e-06
Map Time: 1e-06

Finding 3575
AVL Time: 2e-06
Map Time: 1e-06

Finding 9232
AVL Time: 2e-06
Map Time: 2e-06

Finding 6092
AVL Time: 2e-06
Map Time: 2e-06

Finding 19959
AVL Time: 2e-06
Map Time: 2e-06

Finding 1661
AVL Time: 3e-06
Map Time: 2e-06

Finding 2729
AVL Time: 1e-06
Map Time: 2e-06

Finding 33196
AVL Time: 3e-06
Map Time: 2e-06

Finding 31861
AVL Time: 2e-06
Map Time: 1e-06

Finding 25090
AVL Time: 2e-06
Map Time: 2e-06

Finding 16946
AVL Time: 2e-06
Map Time: 2e-06

Finding 2728
AVL Time: 2e-06
Map Time: 1e-06

Finding 25208
AVL Time: 2e-06
Map Time: 2e-06

Finding 20270
AVL Time: 3e-06
Map Time: 2e-06

Finding 17480
AVL Time: 4e-06
Map Time: 2e-06

Finding 8453
AVL Time: 7.7e-05
Map Time: 3e-06

Finding 27246
AVL Time: 3e-06
Map Time: 2e-06

Finding 10845
AVL Time: 2e-06
Map Time: 2e-06

Finding 16973
AVL Time: 2e-06
Map Time: 1e-06

Finding 19712
AVL Time: 3e-06
Map Time: 2e-06

Finding 1455
AVL Time: 2e-06
Map Time: 2e-06

Finding 10239
AVL Time: 1e-06
Map Time: 1e-06

Finding 28236
AVL Time: 3e-06
Map Time: 2e-06

Finding 8718
AVL Time: 2e-06
Map Time: 2e-06

Finding 5496
AVL Time: 2e-06
Map Time: 2e-06

Finding 12980
AVL Time: 3e-06
Map Time: 1e-06

Finding 4
AVL Time: 2e-06
Map Time: 2e-06

Finding 15893
AVL Time: 3e-06
Map Time: 2e-06

Finding 11239
AVL Time: 2e-06
Map Time: 2e-06

Finding 25530
AVL Time: 3e-06
Map Time: 2e-06

Finding 26473
AVL Time: 3e-06
Map Time: 2e-06

Finding 22240
AVL Time: 3e-06
Map Time: 2e-06

Finding 4628
AVL Time: 3e-06
Map Time: 2e-06

Finding 18007
AVL Time: 2e-06
Map Time: 2e-06

Finding 23477
AVL Time: 3e-06
Map Time: 2e-06

Finding 1673
AVL Time: 2e-06
Map Time: 1e-06

Finding 5698
AVL Time: 2e-06
Map Time: 2e-06

Finding 29212
AVL Time: 2e-06
Map Time: 2e-06

Finding 713
AVL Time: 2e-06
Map Time: 2e-06

Finding 12968
AVL Time: 3e-06
Map Time: 1e-06

Finding 14494
AVL Time: 3e-06
Map Time: 2e-06

Finding 2910
AVL Time: 2e-06
Map Time: 2e-06

Finding 29433
AVL Time: 3e-06
Map Time: 2e-06

Finding 15160
AVL Time: 3e-06
Map Time: 2e-06

Finding 27525
AVL Time: 3e-06
Map Time: 2e-06

Finding 29408
AVL Time: 2e-06
Map Time: 3e-06

Finding 10728
AVL Time: 3e-06
Map Time: 2e-06

Finding 11933
AVL Time: 3e-06
Map Time: 2e-06

Finding 26295
AVL Time: 2e-06
Map Time: 2e-06

Finding 18363
AVL Time: 2e-06
Map Time: 2e-06

Finding 27691
AVL Time: 2e-06
Map Time: 2e-06

Finding 33432
AVL Time: 3e-06
Map Time: 4e-06

Finding 12485
AVL Time: 3e-06
Map Time: 2e-06

Finding 22969
AVL Time: 4e-06
Map Time: 3e-06

Finding 31821
AVL Time: 2e-06
Map Time: 2e-06

Finding 8695
AVL Time: 2e-06
Map Time: 2e-06

Finding 25550
AVL Time: 2e-06
Map Time: 2e-06

Finding 15258
AVL Time: 3e-06
Map Time: 2e-06

Finding 703
AVL Time: 1e-06
Map Time: 2e-06

Finding 9324
AVL Time: 2e-06
Map Time: 2e-06

Finding 2272
AVL Time: 2e-06
Map Time: 2e-06

Finding 22908
AVL Time: 2e-06
Map Time: 2e-06

Finding 14602
AVL Time: 3e-06
Map Time: 2e-06

Finding 11546
AVL Time: 2e-06
Map Time: 1e-06

Finding 32100
AVL Time: 2e-06
Map Time: 2e-06

Finding 28301
AVL Time: 2e-06
Map Time: 2e-06

Finding 27833
AVL Time: 2e-06
Map Time: 2e-06

Finding 3557
AVL Time: 2e-06
Map Time: 2e-06

Finding 4407
AVL Time: 2e-06
Map Time: 2e-06

Finding 6992
AVL Time: 3e-06
Map Time: 1e-06

Finding 21770
AVL Time: 2e-06
Map Time: 2e-06

Finding 4410
AVL Time: 2e-06
Map Time: 1e-06

Finding 28829
AVL Time: 2e-06
Map Time: 2e-06

Finding 12289
AVL Time: 3e-06
Map Time: 2e-06

Finding 29164
AVL Time: 2e-06
Map Time: 1e-06

Finding 31567
AVL Time: 3e-06
Map Time: 3e-06

Finding 32294
AVL Time: 4e-06
Map Time: 3e-06

Finding 9603
AVL Time: 4e-06
Map Time: 3e-06

Finding 14420
AVL Time: 4e-06
Map Time: 3e-06

Finding 26080
AVL Time: 3e-06
Map Time: 2e-06

Finding 14681
AVL Time: 3e-06
Map Time: 2e-06

Finding 19394
AVL Time: 3e-06
Map Time: 3e-06

Finding 33520
AVL Time: 3e-06
Map Time: 3e-06

Finding 8051
AVL Time: 3e-06
Map Time: 3e-06

Finding 15392
AVL Time: 3e-06
Map Time: 2e-06

Finding 28292
AVL Time: 2e-06
Map Time: 1e-06

Finding 6702
AVL Time: 3e-06
Map Time: 2e-06

Finding 19901
AVL Time: 3e-06
Map Time: 2e-06

Finding 12761
AVL Time: 3e-06
Map Time: 1e-06

Finding 15913
AVL Time: 2e-06
Map Time: 2e-06

Finding 669
AVL Time: 2e-06
Map Time: 2e-06

Finding 20473
AVL Time: 2e-06
Map Time: 2e-06

Finding 31299
AVL Time: 2e-06
Map Time: 2e-06

Finding 14010
AVL Time: 3e-06
Map Time: 2e-06

Finding 9716
AVL Time: 2e-06
Map Time: 2e-06

Finding 30095
AVL Time: 3e-06
Map Time: 2e-06

Finding 10659
AVL Time: 2e-06
Map Time: 2e-06

Finding 3608
AVL Time: 2e-06
Map Time: 2e-06

Finding 19340
AVL Time: 3e-06
Map Time: 2e-06

Finding 28958
AVL Time: 2e-06
Map Time: 2e-06

Finding 14725
AVL Time: 2e-06
Map Time: 1e-06

Finding 12970
AVL Time: 2e-06
Map Time: 1e-06

Finding 33383
AVL Time: 2e-06
Map Time: 2e-06

Finding 23908
AVL Time: 2e-06
Map Time: 2e-06

Finding 7014
AVL Time: 3e-06
Map Time: 2e-06

Finding 8172
AVL Time: 2e-06
Map Time: 2e-06

Finding 32340
AVL Time: 3e-06
Map Time: 2e-06

Finding 32686
AVL Time: 2e-06
Map Time: 2e-06

Finding 14984
AVL Time: 3e-06
Map Time: 2e-06

Finding 954
AVL Time: 2e-06
Map Time: 2e-06

Finding 17625
AVL Time: 2e-06
Map Time: 1e-06

Finding 25833
AVL Time: 2e-06
Map Time: 2e-06

Finding 32306
AVL Time: 2e-06
Map Time: 2e-06

Finding 23157
AVL Time: 2e-06
Map Time: 2e-06

Finding 9507
AVL Time: 3e-06
Map Time: 2e-06

Finding 19267
AVL Time: 2e-06
Map Time: 2e-06

Finding 24846
AVL Time: 3e-06
Map Time: 2e-06

Finding 31810
AVL Time: 3e-06
Map Time: 2e-06

Finding 15296
AVL Time: 3e-06
Map Time: 2e-06

Finding 32894
AVL Time: 2e-06
Map Time: 2e-06

Finding 12203
AVL Time: 2e-06
Map Time: 2e-06

Finding 11282
AVL Time: 3e-06
Map Time: 2e-06

Finding 27831
AVL Time: 2e-06
Map Time: 2e-06

Finding 26406
AVL Time: 3e-06
Map Time: 2e-06

Finding 19773
AVL Time: 3e-06
Map Time: 1e-06

Finding 4028
AVL Time: 2e-06
Map Time: 2e-06

Finding 11807
AVL Time: 1e-06
Map Time: 2e-06

Finding 15595
AVL Time: 2e-06
Map Time: 2e-06

Finding 5680
AVL Time: 2e-06
Map Time: 2e-06

Finding 13345
AVL Time: 2e-06
Map Time: 2e-06

Finding 24242
AVL Time: 2e-06
Map Time: 2e-06

Finding 22941
AVL Time: 3e-06
Map Time: 2e-06

Finding 19187
AVL Time: 2e-06
Map Time: 2e-06

Finding 12053
AVL Time: 2e-06
Map Time: 2e-06

Finding 19223
AVL Time: 3e-06
Map Time: 1e-06

Finding 20258
AVL Time: 3e-06
Map Time: 1e-06

Finding 18060
AVL Time: 3e-06
Map Time: 2e-06

Finding 12529
AVL Time: 4e-06
Map Time: 2e-06

Finding 31837
AVL Time: 3e-06
Map Time: 2e-06

Finding 30078
AVL Time: 2e-06
Map Time: 2e-06

Finding 3363
AVL Time: 3e-06
Map Time: 3e-06

Finding 13972
AVL Time: 3e-06
Map Time: 2e-06

Finding 23893
AVL Time: 3e-06
Map Time: 3e-06

Finding 32756
AVL Time: 3e-06
Map Time: 3e-06

Finding 29274
AVL Time: 3e-06
Map Time: 3e-06

Finding 24884
AVL Time: 3e-06
Map Time: 2e-06

Finding 18609
AVL Time: 2e-06
Map Time: 1e-06

Finding 30222
AVL Time: 3e-06
Map Time: 2e-06

Finding 29680
AVL Time: 2e-06
Map Time: 2e-06

Finding 12198
AVL Time: 3e-06
Map Time: 1e-06

Finding 27257
AVL Time: 3e-06
Map Time: 2e-06

Finding 20539
AVL Time: 3e-06
Map Time: 2e-06

Finding 26968
AVL Time: 3e-06
Map Time: 1e-06

Finding 9806
AVL Time: 3e-06
Map Time: 2e-06

Finding 3202
AVL Time: 2e-06
Map Time: 2e-06

Finding 8987
AVL Time: 2e-06
Map Time: 2e-06

Finding 17351
AVL Time: 2e-06
Map Time: 2e-06

Finding 24131
AVL Time: 2e-06
Map Time: 2e-06

Finding 11715
AVL Time: 2e-06
Map Time: 2e-06

Finding 22710
AVL Time: 3e-06
Map Time: 2e-06

Finding 8658
AVL Time: 3e-06
Map Time: 2e-06

Finding 22513
AVL Time: 2e-06
Map Time: 2e-06

Finding 25157
AVL Time: 3e-06
Map Time: 2e-06

Finding 6809
AVL Time: 3e-06
Map Time: 2e-06

Finding 16595
AVL Time: 2e-06
Map Time: 1e-06

Finding 21945
AVL Time: 2e-06
Map Time: 2e-06

Finding 16098
AVL Time: 3e-06
Map Time: 2e-06

Finding 14734
AVL Time: 2e-06
Map Time: 2e-06

Finding 16284
AVL Time: 2e-06
Map Time: 1e-06

Finding 13195
AVL Time: 2e-06
Map Time: 1e-06

Finding 22401
AVL Time: 2e-06
Map Time: 2e-06

Finding 16315
AVL Time: 2e-06
Map Time: 3e-06

Finding 28127
AVL Time: 2e-06
Map Time: 3e-06

Finding 5919
AVL Time: 2e-06
Map Time: 4e-06

Finding 17522
AVL Time: 3e-06
Map Time: 2e-06

Finding 1370
AVL Time: 3e-06
Map Time: 3e-06

Finding 23752
AVL Time: 3e-06
Map Time: 2e-06

Finding 6804
AVL Time: 3e-06
Map Time: 2e-06

Finding 3426
AVL Time: 2e-06
Map Time: 2e-06

Finding 26052
AVL Time: 3e-06
Map Time: 2e-06

Finding 13674
AVL Time: 3e-06
Map Time: 2e-06

Finding 30969
AVL Time: 3e-06
Map Time: 3e-06

Finding 4598
AVL Time: 2e-06
Map Time: 2e-06

Finding 1591
AVL Time: 1e-06
Map Time: 2e-06

Finding 20654
AVL Time: 2e-06
Map Time: 2e-06

Finding 30412
AVL Time: 3e-06
Map Time: 2e-06

Finding 3707
AVL Time: 2e-06
Map Time: 2e-06

Finding 2626
AVL Time: 2e-06
Map Time: 2e-06

Finding 32944
AVL Time: 3e-06
Map Time: 3e-06

Finding 22050
AVL Time: 2e-06
Map Time: 2e-06

Finding 6740
AVL Time: 3e-06
Map Time: 2e-06

Finding 6551
AVL Time: 2e-06
Map Time: 2e-06

Finding 4873
AVL Time: 2e-06
Map Time: 2e-06

Finding 16135
AVL Time: 2e-06
Map Time: 2e-06

Finding 17936
AVL Time: 3e-06
Map Time: 2e-06

Finding 10094
AVL Time: 3e-06
Map Time: 2e-06

Finding 15296
AVL Time: 3e-06
Map Time: 2e-06

Finding 11161
AVL Time: 2e-06
Map Time: 2e-06

Finding 32180
AVL Time: 3e-06
Map Time: 3e-06

Finding 17933
AVL Time: 2e-06
Map Time: 1e-06

Finding 21102
AVL Time: 3e-06
Map Time: 2e-06

Finding 29221
AVL Time: 3e-06
Map Time: 2e-06

Finding 22740
AVL Time: 3e-06
Map Time: 2e-06

Finding 25437
AVL Time: 2e-06
Map Time: 2e-06

Finding 5116
AVL Time: 3e-06
Map Time: 3e-06

Finding 24384
AVL Time: 3e-06
Map Time: 3e-06

Finding 538
AVL Time: 3e-06
Map Time: 2e-06

Finding 19442
AVL Time: 3e-06
Map Time: 2e-06

Finding 32984
AVL Time: 3e-06
Map Time: 3e-06

Finding 28551
AVL Time: 2e-06
Map Time: 2e-06

Finding 25246
AVL Time: 3e-06
Map Time: 2e-06

Finding 22498
AVL Time: 3e-06
Map Time: 2e-06

Finding 1452
AVL Time: 3e-06
Map Time: 2e-06

Finding 15190
AVL Time: 3e-06
Map Time: 2e-06

Finding 2569
AVL Time: 2e-06
Map Time: 2e-06

Finding 13438
AVL Time: 3e-06
Map Time: 2e-06

Finding 16043
AVL Time: 2e-06
Map Time: 2e-06

Finding 30533
AVL Time: 3e-06
Map Time: 3e-06

Finding 18241
AVL Time: 2e-06
Map Time: 2e-06

Finding 24622
AVL Time: 3e-06
Map Time: 2e-06

Finding 17817
AVL Time: 2e-06
Map Time: 2e-06

Finding 2969
AVL Time: 2e-06
Map Time: 2e-06

Finding 31925
AVL Time: 4e-06
Map Time: 3e-06

Finding 10875
AVL Time: 3e-06
Map Time: 2e-06

Finding 20722
AVL Time: 3e-06
Map Time: 2e-06

Finding 10644
AVL Time: 3e-06
Map Time: 1e-06

Finding 24785
AVL Time: 3e-06
Map Time: 2e-06

Finding 18683
AVL Time: 2e-06
Map Time: 2e-06

Finding 32234
AVL Time: 3e-06
Map Time: 3e-06

Finding 18982
AVL Time: 4e-06
Map Time: 2e-06

Finding 2561
AVL Time: 3e-06
Map Time: 2e-06

Finding 30831
AVL Time: 3e-06
Map Time: 3e-06

Finding 6527
AVL Time: 2e-06
Map Time: 2e-06

Finding 1069
AVL Time: 2e-06
Map Time: 2e-06

Finding 11943
AVL Time: 2e-06
Map Time: 2e-06

Finding 22021
AVL Time: 3e-06
Map Time: 2e-06

Finding 32328
AVL Time: 3e-06
Map Time: 3e-06

Finding 5780
AVL Time: 3e-06
Map Time: 2e-06

Finding 30567
AVL Time: 3e-06
Map Time: 2e-06

Finding 2406
AVL Time: 3e-06
Map Time: 2e-06

Finding 20529
AVL Time: 3e-06
Map Time: 2e-06

Finding 28405
AVL Time: 3e-06
Map Time: 2e-06

Finding 1360
AVL Time: 3e-06
Map Time: 2e-06

Finding 2695
AVL Time: 2e-06
Map Time: 2e-06

Finding 28710
AVL Time: 4e-06
Map Time: 3e-06

Finding 6391
AVL Time: 3e-06
Map Time: 2e-06

Finding 2259
AVL Time: 2e-06
Map Time: 2e-06

Finding 22004
AVL Time: 3e-06
Map Time: 2e-06

Finding 1227
AVL Time: 2e-06
Map Time: 2e-06

Finding 17267
AVL Time: 3e-06
Map Time: 2e-06

Finding 16942
AVL Time: 3e-06
Map Time: 1e-06

Finding 14053
AVL Time: 3e-06
Map Time: 2e-06

Finding 16470
AVL Time: 3e-06
Map Time: 2e-06

Finding 23308
AVL Time: 3e-06
Map Time: 2e-06

Finding 31626
AVL Time: 4e-06
Map Time: 3e-06

Finding 31771
AVL Time: 4e-06
Map Time: 3e-06

Finding 25001
AVL Time: 3e-06
Map Time: 2e-06

Finding 31824
AVL Time: 4e-06
Map Time: 3e-06

Finding 20386
AVL Time: 4e-06
Map Time: 2e-06

Finding 8308
AVL Time: 3e-06
Map Time: 2e-06

Finding 14568
AVL Time: 3e-06
Map Time: 2e-06

Finding 729
AVL Time: 2e-06
Map Time: 2e-06

Finding 26487
AVL Time: 3e-06
Map Time: 2e-06

Finding 27813
AVL Time: 4e-06
Map Time: 2e-06

Finding 8684
AVL Time: 3e-06
Map Time: 2e-06

Finding 12963
AVL Time: 3e-06
Map Time: 2e-06

Finding 5933
AVL Time: 2e-06
Map Time: 2e-06

Finding 26447
AVL Time: 2e-06
Map Time: 2e-06

Finding 31862
AVL Time: 4e-06
Map Time: 3e-06

Finding 24599
AVL Time: 3e-06
Map Time: 2e-06

Finding 22430
AVL Time: 3e-06
Map Time: 3e-06

Finding 13539
AVL Time: 4e-06
Map Time: 2e-06

Finding 5113
AVL Time: 2e-06
Map Time: 2e-06

Finding 12581
AVL Time: 3e-06
Map Time: 2e-06

Finding 31565
AVL Time: 3e-06
Map Time: 3e-06

Finding 4300
AVL Time: 4e-06
Map Time: 2e-06

Finding 24723
AVL Time: 5e-06
Map Time: 3e-06

Finding 22610
AVL Time: 4e-06
Map Time: 1.8e-05

Finding 27771
AVL Time: 3e-06
Map Time: 2e-06

Finding 29369
AVL Time: 4e-06
Map Time: 2e-06

Finding 27949
AVL Time: 3e-06
Map Time: 3e-06

Finding 29134
AVL Time: 3e-06
Map Time: 2e-06

Finding 18355
AVL Time: 3e-06
Map Time: 2e-06

Finding 2627
AVL Time: 3e-06
Map Time: 3e-06

Finding 27036
AVL Time: 5e-06
Map Time: 3e-06

Finding 16750
AVL Time: 3e-06
Map Time: 2e-06

Finding 11509
AVL Time: 3e-06
Map Time: 3e-06

Finding 9544
AVL Time: 4e-06
Map Time: 3e-06

Finding 32001
AVL Time: 6e-06
Map Time: 4e-06

Finding 23324
AVL Time: 5e-06
Map Time: 3e-06

Finding 33118
AVL Time: 6e-06
Map Time: 4e-06

Finding 14361
AVL Time: 5e-06
Map Time: 2e-06

Finding 33155
AVL Time: 4e-06
Map Time: 4e-06

Finding 26159
AVL Time: 4e-06
Map Time: 3e-06

Finding 33168
AVL Time: 4e-06
Map Time: 4e-06

Finding 15754
AVL Time: 4e-06
Map Time: 3e-06

Finding 7904
AVL Time: 4e-06
Map Time: 3e-06

Finding 19708
AVL Time: 3e-06
Map Time: 3e-06

Finding 23852
AVL Time: 4e-06
Map Time: 3e-06

Finding 16435
AVL Time: 3e-06
Map Time: 2e-06

Finding 19385
AVL Time: 3e-06
Map Time: 3e-06

Finding 23397
AVL Time: 3e-06
Map Time: 2e-06

Finding 14014
AVL Time: 4e-06
Map Time: 2e-06

Finding 11874
AVL Time: 3e-06
Map Time: 2e-06

Finding 32174
AVL Time: 3e-06
Map Time: 3e-06

Finding 18937
AVL Time: 4e-06
Map Time: 3e-06

Finding 32612
AVL Time: 4e-06
Map Time: 4e-06

Finding 22686
AVL Time: 3e-06
Map Time: 3e-06

Finding 17120
AVL Time: 4e-06
Map Time: 2e-06

Finding 15071
AVL Time: 3e-06
Map Time: 3e-06

Finding 1758
AVL Time: 4e-06
Map Time: 3e-06

Finding 30636
AVL Time: 3e-06
Map Time: 3e-06

Finding 1952
AVL Time: 3e-06
Map Time: 2e-06

Finding 1053
AVL Time: 2e-06
Map Time: 2e-06

Finding 22109
AVL Time: 4e-06
Map Time: 3e-06

Finding 22226
AVL Time: 4e-06
Map Time: 3e-06

Finding 3922
AVL Time: 3e-06
Map Time: 3e-06

Finding 27097
AVL Time: 3e-06
Map Time: 3e-06

Finding 26983
AVL Time: 3e-06
Map Time: 3e-06

Finding 7980
AVL Time: 4e-06
Map Time: 2e-06

Finding 32252
AVL Time: 3e-06
Map Time: 2e-06

Finding 18184
AVL Time: 3e-06
Map Time: 2e-06

Finding 6756
AVL Time: 4e-06
Map Time: 3e-06

Finding 25080
AVL Time: 4e-06
Map Time: 2e-06

Finding 4134
AVL Time: 3e-06
Map Time: 2e-06

Finding 14144
AVL Time: 3e-06
Map Time: 3e-06

Finding 14949
AVL Time: 3e-06
Map Time: 2e-06

Finding 9788
AVL Time: 4e-06
Map Time: 3e-06

Finding 625
AVL Time: 3e-06
Map Time: 2e-06

Finding 16629
AVL Time: 4e-06
Map Time: 2e-06

Finding 29408
AVL Time: 4e-06
Map Time: 3e-06

Finding 12353
AVL Time: 4e-06
Map Time: 2e-06

Finding 4335
AVL Time: 3e-06
Map Time: 2e-06

Finding 29641
AVL Time: 3e-06
Map Time: 2e-06

Finding 20992
AVL Time: 4e-06
Map Time: 2e-06

Finding 24092
AVL Time: 3e-06
Map Time: 2e-06

Finding 18462
AVL Time: 3e-06
Map Time: 2e-06

Finding 1134
AVL Time: 3e-06
Map Time: 2e-06

Finding 21577
AVL Time: 3e-06
Map Time: 2e-06

Finding 12993
AVL Time: 3e-06
Map Time: 1e-06

Finding 23202
AVL Time: 3e-06
Map Time: 2e-06

Finding 21037
AVL Time: 3e-06
Map Time: 2e-06

Finding 21613
AVL Time: 3e-06
Map Time: 3e-06

Finding 24036
AVL Time: 4e-06
Map Time: 3e-06

Finding 10442
AVL Time: 4e-06
Map Time: 3e-06

Finding 15546
AVL Time: 4e-06
Map Time: 3e-06

Finding 8199
AVL Time: 4e-06
Map Time: 3e-06

Finding 11681
AVL Time: 4e-06
Map Time: 3e-06

Finding 32134
AVL Time: 4e-06
Map Time: 4e-06

Finding 33398
AVL Time: 4e-06
Map Time: 5e-06

Finding 19600
AVL Time: 4e-06
Map Time: 3e-06

Finding 21865
AVL Time: 3e-06
Map Time: 3e-06

Finding 32131
AVL Time: 4e-06
Map Time: 4e-06

Finding 12969
AVL Time: 4e-06
Map Time: 2e-06

Finding 21490
AVL Time: 4e-06
Map Time: 3e-06

Finding 21307
AVL Time: 4e-06
Map Time: 3e-06

Finding 32261
AVL Time: 4e-06
Map Time: 3e-06

Finding 438
AVL Time: 4e-06
Map Time: 3e-06

Finding 29183
AVL Time: 3e-06
Map Time: 3e-06

Finding 16099
AVL Time: 3e-06
Map Time: 2e-06

Finding 18878
AVL Time: 3e-06
Map Time: 2e-06

Finding 3592
AVL Time: 3e-06
Map Time: 3e-06

Finding 22794
AVL Time: 4e-06
Map Time: 2e-06

Finding 25407
AVL Time: 3e-06
Map Time: 2e-06

Finding 543
AVL Time: 4e-06
Map Time: 4e-06

Finding 8069
AVL Time: 3e-06
Map Time: 2e-06

Finding 15419
AVL Time: 3e-06
Map Time: 2e-06

Finding 21930
AVL Time: 4e-06
Map Time: 3e-06

Finding 15903
AVL Time: 3e-06
Map Time: 2e-06

Finding 26619
AVL Time: 2e-06
Map Time: 2e-06

Finding 11901
AVL Time: 3e-06
Map Time: 2e-06

Finding 19049
AVL Time: 4e-06
Map Time: 2e-06

Finding 6420
AVL Time: 4e-06
Map Time: 3e-06

Finding 21103
AVL Time: 2e-06
Map Time: 2e-06

Finding 11157
AVL Time: 3e-06
Map Time: 3e-06

Finding 19965
AVL Time: 3e-06
Map Time: 2e-06

Finding 18392
AVL Time: 3e-06
Map Time: 2e-06

Finding 31270
AVL Time: 4e-06
Map Time: 4e-06

Finding 11976
AVL Time: 3e-06
Map Time: 2e-06

Finding 33772
AVL Time: 4e-06
Map Time: 4e-06

Finding 16807
AVL Time: 4e-06
Map Time: 2e-06

Finding 5149
AVL Time: 3e-06
Map Time: 3e-06

Finding 2321
AVL Time: 2e-06
Map Time: 3e-06

Finding 14473
AVL Time: 3e-06
Map Time: 2e-06

Finding 23705
AVL Time: 3e-06
Map Time: 3e-06

Finding 29076
AVL Time: 4e-06
Map Time: 2e-06

Finding 5528
AVL Time: 4e-06
Map Time: 2e-06

Finding 9857
AVL Time: 4e-06
Map Time: 3e-06

Finding 1282
AVL Time: 4e-06
Map Time: 3e-06

Finding 15724
AVL Time: 4e-06
Map Time: 3e-06

Finding 32877
AVL Time: 4e-06
Map Time: 4e-06

Finding 16841
AVL Time: 3e-06
Map Time: 2e-06

Finding 3004
AVL Time: 3e-06
Map Time: 3e-06

Finding 15560
AVL Time: 4e-06
Map Time: 2e-06

Finding 31557
AVL Time: 3e-06
Map Time: 3e-06

Finding 33531
AVL Time: 3e-06
Map Time: 4e-06

Finding 12946
AVL Time: 4e-06
Map Time: 2e-06

Finding 15705
AVL Time: 3e-06
Map Time: 2e-06

Finding 6138
AVL Time: 3e-06
Map Time: 2e-06

Finding 12296
AVL Time: 4e-06
Map Time: 3e-06

Finding 12113
AVL Time: 3e-06
Map Time: 3e-06

Finding 21252
AVL Time: 4e-06
Map Time: 3e-06

Finding 27969
AVL Time: 4e-06
Map Time: 3e-06

Finding 23110
AVL Time: 4e-06
Map Time: 4e-06

Finding 32550
AVL Time: 3e-06
Map Time: 3e-06

Finding 6112
AVL Time: 3e-06
Map Time: 2e-06

Finding 8069
AVL Time: 3e-06
Map Time: 2e-06

Finding 30710
AVL Time: 4e-06
Map Time: 3e-06

Finding 23237
AVL Time: 3e-06
Map Time: 2e-06

Finding 13085
AVL Time: 3e-06
Map Time: 2e-06

Finding 28003
AVL Time: 3e-06
Map Time: 2e-06

Finding 11177
AVL Time: 4e-06
Map Time: 3e-06

Finding 29633
AVL Time: 4e-06
Map Time: 2e-06

Finding 22786
AVL Time: 3e-06
Map Time: 2e-06

Finding 32354
AVL Time: 4e-06
Map Time: 3e-06

Finding 20893
AVL Time: 2e-06
Map Time: 2e-06

Finding 27151
AVL Time: 3e-06
Map Time: 2e-06

Finding 26042
AVL Time: 3e-06
Map Time: 2e-06

Finding 4585
AVL Time: 3e-06
Map Time: 2e-06

Finding 22539
AVL Time: 3e-06
Map Time: 2e-06

Finding 29566
AVL Time: 3e-06
Map Time: 2e-06

Finding 26440
AVL Time: 3e-06
Map Time: 2e-06

Finding 20122
AVL Time: 4e-06
Map Time: 2e-06

Finding 30975
AVL Time: 2e-06
Map Time: 3e-06

Finding 9388
AVL Time: 4e-06
Map Time: 3e-06

Finding 24935
AVL Time: 3e-06
Map Time: 3e-06

Finding 406
AVL Time: 4e-06
Map Time: 3e-06

Finding 2266
AVL Time: 4e-06
Map Time: 3e-06

Finding 14770
AVL Time: 4e-06
Map Time: 2e-06

Finding 6710
AVL Time: 3e-06
Map Time: 2e-06

Finding 4850
AVL Time: 4e-06
Map Time: 2e-06

Finding 30446
AVL Time: 3e-06
Map Time: 3e-06

Finding 17011
AVL Time: 4e-06
Map Time: 3e-06

Finding 13444
AVL Time: 4e-06
Map Time: 2e-06

Finding 6827
AVL Time: 2e-06
Map Time: 2e-06

Finding 14440
AVL Time: 3e-06
Map Time: 3e-06

Finding 30631
AVL Time: 3e-06
Map Time: 3e-06

Finding 11766
AVL Time: 6e-06
Map Time: 2e-06

Finding 7439
AVL Time: 2e-06
Map Time: 2e-06

Finding 7285
AVL Time: 2e-06
Map Time: 2e-06

Finding 22493
AVL Time: 3e-06
Map Time: 3e-06

Finding 32880
AVL Time: 3e-06
Map Time: 3e-06

Finding 1664
AVL Time: 3e-06
Map Time: 2e-06

Finding 2198
AVL Time: 3e-06
Map Time: 2e-06

Finding 6389
AVL Time: 2e-06
Map Time: 2e-06

Finding 31846
AVL Time: 4e-06
Map Time: 3e-06

Finding 5387
AVL Time: 3e-06
Map Time: 2e-06

Finding 20041
AVL Time: 3e-06
Map Time: 2e-06

Finding 30726
AVL Time: 4e-06
Map Time: 2e-06

Finding 3889
AVL Time: 2e-06
Map Time: 2e-06

Finding 26881
AVL Time: 3e-06
Map Time: 3e-06

Finding 28638
AVL Time: 3e-06
Map Time: 2e-06

Finding 9409
AVL Time: 3e-06
Map Time: 2e-06

Finding 18092
AVL Time: 3e-06
Map Time: 2e-06

Finding 5990
AVL Time: 3e-06
Map Time: 2e-06

Finding 5147
AVL Time: 2e-06
Map Time: 2e-06

Finding 25040
AVL Time: 3e-06
Map Time: 2e-06

Finding 18683
AVL Time: 3e-06
Map Time: 3e-06

Finding 11915
AVL Time: 3e-06
Map Time: 2e-06

Finding 13846
AVL Time: 2e-06
Map Time: 2e-06

Finding 5996
AVL Time: 3e-06
Map Time: 2e-06

Finding 11764
AVL Time: 3e-06
Map Time: 2e-06

Finding 24207
AVL Time: 3e-06
Map Time: 2e-06

Finding 19246
AVL Time: 2e-06
Map Time: 2e-06

Finding 16053
AVL Time: 3e-06
Map Time: 2e-06

Finding 3075
AVL Time: 2e-06
Map Time: 2e-06

Finding 3951
AVL Time: 1e-06
Map Time: 1e-06

Finding 30423
AVL Time: 3e-06
Map Time: 3e-06

Finding 27027
AVL Time: 2e-06
Map Time: 2e-06

Finding 28742
AVL Time: 3e-06
Map Time: 2e-06

Finding 23837
AVL Time: 3e-06
Map Time: 2e-06

Finding 9633
AVL Time: 2e-06
Map Time: 2e-06

Finding 5095
AVL Time: 2e-06
Map Time: 2e-06

Finding 25142
AVL Time: 3e-06
Map Time: 2e-06

Finding 18639
AVL Time: 2e-06
Map Time: 2e-06

Finding 10077
AVL Time: 5e-06
Map Time: 2e-06

Finding 189
AVL Time: 3e-06
Map Time: 2e-06

Finding 9361
AVL Time: 3e-06
Map Time: 2e-06

Finding 28122
AVL Time: 3e-06
Map Time: 2e-06

Finding 7134
AVL Time: 2e-06
Map Time: 3e-06

Finding 10233
AVL Time: 3e-06
Map Time: 2e-06

Finding 28777
AVL Time: 3e-06
Map Time: 2e-06

Finding 15946
AVL Time: 3e-06
Map Time: 2e-06

Finding 13323
AVL Time: 3e-06
Map Time: 2e-06

Finding 16337
AVL Time: 2e-06
Map Time: 2e-06

Finding 7287
AVL Time: 2e-06
Map Time: 2e-06

Finding 2605
AVL Time: 2e-06
Map Time: 1e-06

Finding 4429
AVL Time: 2e-06
Map Time: 2e-06

Finding 29528
AVL Time: 3e-06
Map Time: 2e-06

Finding 20792
AVL Time: 3e-06
Map Time: 2e-06

Finding 21084
AVL Time: 3e-06
Map Time: 2e-06

Finding 26516
AVL Time: 3e-06
Map Time: 2e-06

Finding 6644
AVL Time: 2e-06
Map Time: 2e-06

Finding 6063
AVL Time: 2e-06
Map Time: 2e-06

Finding 5470
AVL Time: 2e-06
Map Time: 1e-06

Finding 27769
AVL Time: 3e-06
Map Time: 2e-06

Finding 14927
AVL Time: 3e-06
Map Time: 2e-06

Finding 637
AVL Time: 2e-06
Map Time: 2e-06

Finding 4540
AVL Time: 2e-06
Map Time: 1e-06

Finding 9341
AVL Time: 3e-06
Map Time: 2e-06

Finding 13912
AVL Time: 3e-06
Map Time: 2e-06

Finding 23186
AVL Time: 4e-06
Map Time: 2e-06

Finding 20290
AVL Time: 3e-06
Map Time: 2e-06

Finding 25119
AVL Time: 3e-06
Map Time: 2e-06

Finding 3146
AVL Time: 2e-06
Map Time: 2e-06

Finding 6169
AVL Time: 2e-06
Map Time: 2e-06

Finding 186
AVL Time: 2e-06
Map Time: 2e-06

Finding 26926
AVL Time: 3e-06
Map Time: 2e-06

Finding 7349
AVL Time: 2e-06
Map Time: 2e-06

Finding 2038
AVL Time: 2e-06
Map Time: 2e-06

Finding 1221
AVL Time: 1e-06
Map Time: 1e-06

Finding 12565
AVL Time: 3e-06
Map Time: 1e-06

Finding 26192
AVL Time: 2e-06
Map Time: 2e-06

Finding 4659
AVL Time: 2e-06
Map Time: 2e-06

Finding 16154
AVL Time: 2e-06
Map Time: 1e-06

Finding 14689
AVL Time: 2e-06
Map Time: 2e-06

Finding 7823
AVL Time: 2e-06
Map Time: 2e-06

Finding 2174
AVL Time: 2e-06
Map Time: 1e-06

Finding 16259
AVL Time: 2e-06
Map Time: 1e-06

Finding 26620
AVL Time: 2e-06
Map Time: 1e-06

Finding 20736
AVL Time: 3e-06
Map Time: 2e-06

Finding 22628
AVL Time: 3e-06
Map Time: 2e-06

Finding 17289
AVL Time: 3e-06
Map Time: 2e-06

Finding 24597
AVL Time: 3e-06
Map Time: 2e-06

Finding 483
AVL Time: 2e-06
Map Time: 2e-06

Finding 11303
AVL Time: 2e-06
Map Time: 2e-06

Finding 4603
AVL Time: 2e-06
Map Time: 2e-06

Finding 23533
AVL Time: 2e-06
Map Time: 2e-06

Finding 21398
AVL Time: 2e-06
Map Time: 2e-06

Finding 30889
AVL Time: 3e-06
Map Time: 2e-06

Finding 22466
AVL Time: 2e-06
Map Time: 2e-06

Finding 12375
AVL Time: 3e-06
Map Time: 2e-06

Finding 18218
AVL Time: 2e-06
Map Time: 2e-06

Finding 9689
AVL Time: 3e-06
Map Time: 2e-06

Finding 24197
AVL Time: 2e-06
Map Time: 2e-06

Finding 9909
AVL Time: 3e-06
Map Time: 2e-06

Finding 2589
AVL Time: 2e-06
Map Time: 2e-06

Finding 10248
AVL Time: 2e-06
Map Time: 2e-06

Finding 15235
AVL Time: 3e-06
Map Time: 2e-06

Finding 20276
AVL Time: 3e-06
Map Time: 2e-06

Finding 485
AVL Time: 1e-06
Map Time: 1e-06

Finding 30709
AVL Time: 2e-06
Map Time: 2e-06

Finding 12279
AVL Time: 2e-06
Map Time: 1e-06

Finding 27272
AVL Time: 3e-06
Map Time: 2e-06

Finding 1174
AVL Time: 2e-06
Map Time: 2e-06

Finding 20529
AVL Time: 2e-06
Map Time: 1e-06

Finding 14945
AVL Time: 2e-06
Map Time: 2e-06

Finding 9641
AVL Time: 2e-06
Map Time: 2e-06

Finding 10751
AVL Time: 1e-06
Map Time: 2e-06

Finding 23049
AVL Time: 3e-06
Map Time: 2e-06

Finding 1286
AVL Time: 2e-06
Map Time: 2e-06

Finding 6589
AVL Time: 2e-06
Map Time: 2e-06

Finding 32067
AVL Time: 3e-06
Map Time: 2e-06

Finding 10651
AVL Time: 2e-06
Map Time: 2e-06

Finding 425
AVL Time: 2e-06
Map Time: 1e-06

Finding 27820
AVL Time: 2e-06
Map Time: 2e-06

Finding 29754
AVL Time: 3e-06
Map Time: 2e-06

Finding 9072
AVL Time: 2e-06
Map Time: 2e-06

Finding 14588
AVL Time: 3e-06
Map Time: 1e-06

Finding 8456
AVL Time: 3e-06
Map Time: 2e-06

Finding 20553
AVL Time: 2e-06
Map Time: 2e-06

Finding 23773
AVL Time: 2e-06
Map Time: 2e-06

Finding 3973
AVL Time: 2e-06
Map Time: 2e-06

Finding 29142
AVL Time: 2e-06
Map Time: 2e-06

Finding 24618
AVL Time: 2e-06
Map Time: 1e-06

Finding 32022
AVL Time: 3e-06
Map Time: 2e-06

Finding 13573
AVL Time: 3e-06
Map Time: 2e-06

Finding 20817
AVL Time: 3e-06
Map Time: 1e-06

Finding 22726
AVL Time: 3e-06
Map Time: 2e-06

Finding 24629
AVL Time: 2e-06
Map Time: 1e-06

Finding 5982
AVL Time: 2e-06
Map Time: 2e-06

Finding 26412
AVL Time: 3e-06
Map Time: 2e-06

Finding 18799
AVL Time: 2e-06
Map Time: 2e-06

Finding 22299
AVL Time: 3e-06
Map Time: 2e-06

Finding 24187
AVL Time: 2e-06
Map Time: 1e-06

Finding 6546
AVL Time: 2e-06
Map Time: 2e-06

Finding 4148
AVL Time: 2e-06
Map Time: 2e-06

Finding 23499
AVL Time: 1e-06
Map Time: 2e-06

Finding 22116
AVL Time: 2e-06
Map Time: 1e-06

Finding 3384
AVL Time: 2e-06
Map Time: 2e-06

Finding 18780
AVL Time: 2e-06
Map Time: 1e-06

Finding 1788
AVL Time: 2e-06
Map Time: 1e-06

Finding 10813
AVL Time: 2e-06
Map Time: 1e-06

Finding 869
AVL Time: 2e-06
Map Time: 1e-06

Finding 2130
AVL Time: 2e-06
Map Time: 1e-06

Finding 16608
AVL Time: 2e-06
Map Time: 2e-06

Finding 27221
AVL Time: 2e-06
Map Time: 2e-06

Finding 11151
AVL Time: 2e-06
Map Time: 2e-06

Finding 17639
AVL Time: 2e-06
Map Time: 2e-06

Finding 25187
AVL Time: 2e-06
Map Time: 2e-06

Finding 8147
AVL Time: 2e-06
Map Time: 2e-06

Finding 31711
AVL Time: 2e-06
Map Time: 2e-06

Finding 3125
AVL Time: 2e-06
Map Time: 2e-06

Finding 18583
AVL Time: 2e-06
Map Time: 1e-06

Finding 9231
AVL Time: 2e-06
Map Time: 2e-06

Finding 29375
AVL Time: 2e-06
Map Time: 2e-06

Finding 96
AVL Time: 2e-06
Map Time: 1e-06

Finding 33172
AVL Time: 3e-06
Map Time: 2e-06

Finding 11197
AVL Time: 2e-06
Map Time: 1e-06

Finding 10804
AVL Time: 3e-06
Map Time: 1e-06

Finding 28142
AVL Time: 2e-06
Map Time: 2e-06

Finding 19882
AVL Time: 2e-06
Map Time: 1e-06

Finding 10485
AVL Time: 3e-06
Map Time: 1e-06

Finding 17069
AVL Time: 2e-06
Map Time: 1e-06

Finding 20460
AVL Time: 2e-06
Map Time: 2e-06

Finding 27685
AVL Time: 2e-06
Map Time: 2e-06

Finding 32628
AVL Time: 3e-06
Map Time: 2e-06

Finding 10096
AVL Time: 3e-06
Map Time: 2e-06

Finding 32995
AVL Time: 3e-06
Map Time: 2e-06

Finding 30647
AVL Time: 2e-06
Map Time: 2e-06

Finding 18411
AVL Time: 2e-06
Map Time: 1e-06

Finding 10178
AVL Time: 2e-06
Map Time: 2e-06

Finding 3843
AVL Time: 2e-06
Map Time: 1e-06

Finding 27256
AVL Time: 2e-06
Map Time: 2e-06

Finding 5158
AVL Time: 2e-06
Map Time: 2e-06

Finding 14351
AVL Time: 3e-06
Map Time: 2e-06

Finding 6626
AVL Time: 2e-06
Map Time: 1e-06

Finding 7575
AVL Time: 2e-06
Map Time: 2e-06

Finding 33655
AVL Time: 2e-06
Map Time: 2e-06

Finding 31746
AVL Time: 3e-06
Map Time: 2.1e-05

Finding 10568
AVL Time: 2e-06
Map Time: 2e-06

Finding 16991
AVL Time: 2e-06
Map Time: 1e-06

Finding 10412
AVL Time: 2e-06
Map Time: 2e-06

Finding 6514
AVL Time: 2e-06
Map Time: 1e-06

Finding 8790
AVL Time: 3e-06
Map Time: 2e-06

Finding 6953
AVL Time: 2e-06
Map Time: 1e-06

Finding 9038
AVL Time: 3e-06
Map Time: 2e-06

Finding 10592
AVL Time: 3e-06
Map Time: 2e-06

Finding 31116
AVL Time: 3e-06
Map Time: 2e-06

Finding 2576
AVL Time: 2e-06
Map Time: 2e-06

Finding 16576
AVL Time: 3e-06
Map Time: 1e-06

Finding 9188
AVL Time: 3e-06
Map Time: 2e-06

Finding 10559
AVL Time: 2e-06
Map Time: 2e-06

Finding 24450
AVL Time: 2e-06
Map Time: 2e-06

Finding 23995
AVL Time: 2e-06
Map Time: 2e-06

Finding 20075
AVL Time: 3e-06
Map Time: 3e-06

Finding 23184
AVL Time: 3e-06
Map Time: 2e-06

Finding 15823
AVL Time: 2e-06
Map Time: 2e-06

Finding 12474
AVL Time: 3e-06
Map Time: 2e-06

Finding 32351
AVL Time: 3e-06
Map Time: 2e-06

Finding 3403
AVL Time: 1e-06
Map Time: 2e-06

Finding 28861
AVL Time: 3e-06
Map Time: 2e-06

Finding 1683
AVL Time: 2e-06
Map Time: 2e-06

Finding 31423
AVL Time: 2e-06
Map Time: 3e-06

Finding 6108
AVL Time: 3e-06
Map Time: 2e-06

Finding 14693
AVL Time: 3e-06
Map Time: 2e-06

Finding 32578
AVL Time: 2e-06
Map Time: 2e-06

Finding 32585
AVL Time: 2e-06
Map Time: 2e-06

Finding 28015
AVL Time: 2e-06
Map Time: 2e-06

Finding 7372
AVL Time: 3e-06
Map Time: 2e-06

Finding 8485
AVL Time: 3e-06
Map Time: 2e-06

Finding 17859
AVL Time: 3e-06
Map Time: 2e-06

Finding 1344
AVL Time: 2e-06
Map Time: 2e-06

Finding 17702
AVL Time: 2e-06
Map Time: 2e-06

Finding 31617
AVL Time: 3e-06
Map Time: 3e-06

Finding 12580
AVL Time: 4e-06
Map Time: 2e-06

Finding 6694
AVL Time: 3e-06
Map Time: 2e-06

Finding 32866
AVL Time: 3e-06
Map Time: 3e-06

Finding 8619
AVL Time: 2e-06
Map Time: 2e-06

Finding 18429
AVL Time: 3e-06
Map Time: 2e-06

Finding 1431
AVL Time: 3e-06
Map Time: 3e-06

Finding 24814
AVL Time: 4e-06
Map Time: 2e-06

Finding 27489
AVL Time: 3e-06
Map Time: 3e-06

Finding 16649
AVL Time: 3e-06
Map Time: 2e-06

Finding 27345
AVL Time: 2e-06
Map Time: 2e-06

Finding 28401
AVL Time: 3e-06
Map Time: 2e-06

Finding 21223
AVL Time: 3e-06
Map Time: 2e-06

Finding 4805
AVL Time: 3e-06
Map Time: 3e-06

Finding 6871
AVL Time: 2e-06
Map Time: 2e-06

Finding 15834
AVL Time: 3e-06
Map Time: 3e-06

Finding 18109
AVL Time: 3e-06
Map Time: 2e-06

Finding 3887
AVL Time: 2e-06
Map Time: 2e-06

Finding 22388
AVL Time: 4e-06
Map Time: 2e-06

Finding 4392
AVL Time: 3e-06
Map Time: 2e-06

Finding 32771
AVL Time: 3e-06
Map Time: 3e-06

Finding 20975
AVL Time: 3e-06
Map Time: 2e-06

Finding 24471
AVL Time: 2e-06
Map Time: 3e-06

Finding 1719
AVL Time: 2e-06
Map Time: 2e-06

Finding 33223
AVL Time: 2e-06
Map Time: 2e-06

Finding 17060
AVL Time: 3e-06
Map Time: 2e-06

Finding 17211
AVL Time: 3e-06
Map Time: 3e-06

Finding 1823
AVL Time: 2e-06
Map Time: 3e-06

Finding 33230
AVL Time: 3e-06
Map Time: 3e-06

Finding 27943
AVL Time: 2e-06
Map Time: 2e-06

Finding 14926
AVL Time: 4e-06
Map Time: 2e-06

Finding 9973
AVL Time: 3e-06
Map Time: 2e-06

Finding 5149
AVL Time: 3e-06
Map Time: 3e-06

Finding 17959
AVL Time: 3e-06
Map Time: 2e-06

Finding 11099
AVL Time: 4e-06
Map Time: 3e-06

Finding 19393
AVL Time: 4e-06
Map Time: 3e-06

Finding 2853
AVL Time: 3e-06
Map Time: 3e-06

Finding 17721
AVL Time: 3e-06
Map Time: 2e-06

Finding 19245
AVL Time: 2e-06
Map Time: 2e-06

Finding 17383
AVL Time: 2e-06
Map Time: 2e-06

Finding 3180
AVL Time: 2e-06
Map Time: 3e-06

Finding 5634
AVL Time: 3e-06
Map Time: 2e-06

Finding 29787
AVL Time: 3e-06
Map Time: 3e-06

Finding 1065
AVL Time: 2e-06
Map Time: 2e-06

Finding 17478
AVL Time: 4e-06
Map Time: 2e-06

Finding 2402
AVL Time: 3e-06
Map Time: 2e-06

Finding 1646
AVL Time: 3e-06
Map Time: 2e-06

Finding 20211
AVL Time: 2e-06
Map Time: 2e-06

Finding 25471
AVL Time: 2e-06
Map Time: 2e-06

Finding 24980
AVL Time: 3e-06
Map Time: 2e-06

Finding 24680
AVL Time: 2e-06
Map Time: 3e-06

Finding 22080
AVL Time: 3e-06
Map Time: 2e-06

Finding 29879
AVL Time: 2e-06
Map Time: 3e-06

Finding 4094
AVL Time: 3e-06
Map Time: 2e-06

Finding 5376
AVL Time: 3e-06
Map Time: 2e-06

Finding 25358
AVL Time: 2e-06
Map Time: 2e-06

Finding 11116
AVL Time: 3e-06
Map Time: 2e-06

Finding 389
AVL Time: 3e-06
Map Time: 3e-06

Finding 334
AVL Time: 2e-06
Map Time: 2e-06

Finding 30535
AVL Time: 2e-06
Map Time: 2e-06

Finding 20555
AVL Time: 2e-06
Map Time: 2e-06

Finding 23151
AVL Time: 3e-06
Map Time: 2e-06

Finding 29319
AVL Time: 3e-06
Map Time: 3e-06

Finding 30108
AVL Time: 3e-06
Map Time: 3e-06

Finding 28300
AVL Time: 4e-06
Map Time: 2e-06

Finding 33428
AVL Time: 3e-06
Map Time: 3e-06

Finding 25525
AVL Time: 2e-06
Map Time: 2e-06

Finding 14416
AVL Time: 3e-06
Map Time: 3e-06

Finding 11446
AVL Time: 3e-06
Map Time: 2e-06

Finding 21258
AVL Time: 3e-06
Map Time: 2e-06

Finding 29738
AVL Time: 2e-06
Map Time: 1e-06

Finding 17589
AVL Time: 2e-06
Map Time: 2e-06

Finding 9647
AVL Time: 3e-06
Map Time: 1e-06

Finding 2602
AVL Time: 2e-06
Map Time: 1e-06

Finding 9203
AVL Time: 2e-06
Map Time: 1e-06

Finding 7411
AVL Time: 2e-06
Map Time: 1e-06

Finding 10895
AVL Time: 2e-06
Map Time: 1e-06

Finding 30205
AVL Time: 1e-06
Map Time: 2e-06

Finding 19531
AVL Time: 2e-06
Map Time: 2e-06

Finding 14491
AVL Time: 2e-06
Map Time: 2e-06

Finding 17535
AVL Time: 1e-06
Map Time: 1e-06

Finding 26075
AVL Time: 1e-06
Map Time: 2e-06

Finding 5303
AVL Time: 2e-06
Map Time: 2e-06

Finding 25995
AVL Time: 2e-06
Map Time: 2e-06

Finding 31960
AVL Time: 3e-06
Map Time: 2e-06

Finding 23680
AVL Time: 2e-06
Map Time: 1e-06

Finding 25255
AVL Time: 2e-06
Map Time: 1e-06

Finding 19898
AVL Time: 2e-06
Map Time: 1e-06

Finding 2230
AVL Time: 2e-06
Map Time: 2e-06

Finding 25982
AVL Time: 2e-06
Map Time: 1e-06

Finding 22629
AVL Time: 3e-06
Map Time: 1e-06

Finding 30483
AVL Time: 3e-06
Map Time: 2e-06

Finding 24713
AVL Time: 3e-06
Map Time: 2e-06

Finding 19365
AVL Time: 3e-06
Map Time: 3e-06

Finding 1087
AVL Time: 2e-06
Map Time: 3e-06

Finding 5328
AVL Time: 4e-06
Map Time: 3e-06

Finding 14594
AVL Time: 4e-06
Map Time: 3e-06

Finding 29036
AVL Time: 2e-06
Map Time: 2e-06

Finding 27031
AVL Time: 3e-06
Map Time: 2e-06

Finding 17526
AVL Time: 3e-06
Map Time: 1e-06

Finding 17356
AVL Time: 3e-06
Map Time: 1e-06

Finding 20510
AVL Time: 2e-06
Map Time: 2e-06

Finding 25443
AVL Time: 2e-06
Map Time: 1e-06

Finding 33150
AVL Time: 3e-06
Map Time: 2e-06

Finding 7036
AVL Time: 2e-06
Map Time: 2e-06

Finding 11077
AVL Time: 3e-06
Map Time: 2e-06

Finding 110
AVL Time: 2e-06
Map Time: 2e-06

Finding 28685
AVL Time: 3e-06
Map Time: 2e-06

Finding 9930
AVL Time: 3e-06
Map Time: 2e-06

Finding 856
AVL Time: 2e-06
Map Time: 2e-06

Finding 22325
AVL Time: 3e-06
Map Time: 2e-06

Finding 27902
AVL Time: 3e-06
Map Time: 1e-06

AVL Average Time: 2.887e-06
Map Average Time: 2.165e-06